Generated at Thu Feb 27 13:46:36 +0000 2014
Chef::Exceptions::Cron: cron[log something] (crondemo::default line 2) had an error: Chef::Exceptions::Cron: Error updating state of log something, exit: 1
/var/lib/gems/1.8/gems/chef-11.10.4/bin/../lib/chef/provider/cron.rb:210:in `write_crontab'
/var/lib/gems/1.8/gems/chef-11.10.4/bin/../lib/chef/provider/cron.rb:140:in `action_create'
/var/lib/gems/1.8/gems/chef-11.10.4/bin/../lib/chef/mixin/why_run.rb:52:in `call'
/var/lib/gems/1.8/gems/chef-11.10.4/bin/../lib/chef/mixin/why_run.rb:52:in `add_action'
/var/lib/gems/1.8/gems/chef-11.10.4/bin/../lib/chef/provider.rb:155:in `converge_by'
/var/lib/gems/1.8/gems/chef-11.10.4/bin/../lib/chef/provider/cron.rb:139:in `action_create'
/var/lib/gems/1.8/gems/chef-11.10.4/bin/../lib/chef/provider.rb:120:in `send'
/var/lib/gems/1.8/gems/chef-11.10.4/bin/../lib/chef/provider.rb:120:in `run_action'
/var/lib/gems/1.8/gems/chef-11.10.4/bin/../lib/chef/resource.rb:625:in `run_action'
/var/lib/gems/1.8/gems/chef-11.10.4/bin/../lib/chef/runner.rb:49:in `run_action'
/var/lib/gems/1.8/gems/chef-11.10.4/bin/../lib/chef/runner.rb:81:in `converge'
/var/lib/gems/1.8/gems/chef-11.10.4/bin/../lib/chef/runner.rb:81:in `each'
/var/lib/gems/1.8/gems/chef-11.10.4/bin/../lib/chef/runner.rb:81:in `converge'
/var/lib/gems/1.8/gems/chef-11.10.4/bin/../lib/chef/resource_collection.rb:98:in `execute_each_resource'
/var/lib/gems/1.8/gems/chef-11.10.4/bin/../lib/chef/resource_collection/stepable_iterator.rb:116:in `call'
/var/lib/gems/1.8/gems/chef-11.10.4/bin/../lib/chef/resource_collection/stepable_iterator.rb:116:in `call_iterator_block'
/var/lib/gems/1.8/gems/chef-11.10.4/bin/../lib/chef/resource_collection/stepable_iterator.rb:85:in `step'
/var/lib/gems/1.8/gems/chef-11.10.4/bin/../lib/chef/resource_collection/stepable_iterator.rb:104:in `iterate'
/var/lib/gems/1.8/gems/chef-11.10.4/bin/../lib/chef/resource_collection/stepable_iterator.rb:55:in `each_with_index'
/var/lib/gems/1.8/gems/chef-11.10.4/bin/../lib/chef/resource_collection.rb:96:in `execute_each_resource'
/var/lib/gems/1.8/gems/chef-11.10.4/bin/../lib/chef/runner.rb:80:in `converge'
/var/lib/gems/1.8/gems/chef-11.10.4/bin/../lib/chef/client.rb:335:in `converge'
/var/lib/gems/1.8/gems/chef-11.10.4/bin/../lib/chef/client.rb:415:in `do_run'
/var/lib/gems/1.8/gems/chef-11.10.4/bin/../lib/chef/client.rb:200:in `run'
/var/lib/gems/1.8/gems/chef-11.10.4/bin/../lib/chef/client.rb:194:in `fork'
/var/lib/gems/1.8/gems/chef-11.10.4/bin/../lib/chef/client.rb:194:in `run'
/var/lib/gems/1.8/gems/chef-11.10.4/bin/../lib/chef/application.rb:215:in `run_chef_client'
/var/lib/gems/1.8/gems/chef-11.10.4/bin/../lib/chef/application/solo.rb:221:in `run_application'
/var/lib/gems/1.8/gems/chef-11.10.4/bin/../lib/chef/application/solo.rb:213:in `loop'
/var/lib/gems/1.8/gems/chef-11.10.4/bin/../lib/chef/application/solo.rb:213:in `run_application'
/var/lib/gems/1.8/gems/chef-11.10.4/bin/../lib/chef/application.rb:66:in `run'
/var/lib/gems/1.8/gems/chef-11.10.4/bin/chef-solo:25
/usr/local/bin/chef-solo:19:in `load'
/usr/local/bin/chef-solo:19